\BOOKMARK [1][-]{section*.2}{\376\377\000A\000b\000s\000t\000r\000a\000c\000t}{}% 1
\BOOKMARK [1][-]{section.1}{\376\377\0001\000\040\000I\000n\000t\000r\000o\000d\000u\000c\000t\000i\000o\000n}{}% 2
\BOOKMARK [1][-]{section.2}{\376\377\0002\000\040\000R\000e\000l\000a\000t\000e\000d\000\040\000W\000o\000r\000k}{}% 3
\BOOKMARK [1][-]{section.3}{\376\377\0003\000\040\000O\000v\000e\000r\000v\000i\000e\000w}{}% 4
\BOOKMARK [1][-]{section.4}{\376\377\0004\000\040\000G\000A\000N\000\040\000a\000r\000c\000h\000i\000t\000e\000c\000t\000u\000r\000e}{}% 5
\BOOKMARK [1][-]{section.5}{\376\377\0005\000\040\000F\000r\000a\000n\000k\000e\000n\000G\000A\000N}{}% 6
\BOOKMARK [2][-]{subsection.5.1}{\376\377\0005\000.\0001\000\040\000S\000t\000y\000l\000e\000\040\000C\000o\000n\000t\000r\000o\000l}{section.5}% 7
\BOOKMARK [2][-]{subsection.5.2}{\376\377\0005\000.\0002\000\040\000D\000e\000t\000a\000i\000l\000\040\000G\000e\000n\000e\000r\000a\000t\000i\000o\000n}{section.5}% 8
\BOOKMARK [2][-]{subsection.5.3}{\376\377\0005\000.\0003\000\040\000R\000e\000g\000u\000l\000a\000r\000i\000z\000e\000r\000s}{section.5}% 9
\BOOKMARK [2][-]{subsection.5.4}{\376\377\0005\000.\0004\000\040\000G\000e\000o\000m\000e\000t\000r\000y\000\040\000S\000y\000n\000t\000h\000e\000s\000i\000s}{section.5}% 10
\BOOKMARK [2][-]{subsection.5.5}{\376\377\0005\000.\0005\000\040\000U\000s\000e\000r\000\040\000i\000n\000t\000e\000r\000f\000a\000c\000e}{section.5}% 11
\BOOKMARK [1][-]{section.6}{\376\377\0006\000\040\000R\000e\000s\000u\000l\000t\000s}{}% 12
\BOOKMARK [2][-]{subsection.6.1}{\376\377\0006\000.\0001\000\040\000D\000a\000t\000a\000s\000e\000t\000s\000\040\000a\000n\000d\000\040\000T\000r\000a\000i\000n\000i\000n\000g\000\040\000S\000e\000t\000u\000p}{section.6}% 13
\BOOKMARK [2][-]{subsection.6.2}{\376\377\0006\000.\0002\000\040\000Q\000u\000a\000l\000i\000t\000a\000t\000i\000v\000e\000\040\000R\000e\000s\000u\000l\000t\000s}{section.6}% 14
\BOOKMARK [2][-]{subsection.6.3}{\376\377\0006\000.\0003\000\040\000Q\000u\000a\000l\000i\000t\000a\000t\000i\000v\000e\000\040\000C\000o\000m\000p\000a\000r\000i\000s\000o\000n\000s}{section.6}% 15
\BOOKMARK [2][-]{subsection.6.4}{\376\377\0006\000.\0004\000\040\000P\000e\000r\000c\000e\000p\000t\000u\000a\000l\000\040\000S\000t\000u\000d\000i\000e\000s}{section.6}% 16
\BOOKMARK [2][-]{subsection.6.5}{\376\377\0006\000.\0005\000\040\000L\000i\000m\000i\000t\000a\000t\000i\000o\000n\000s}{section.6}% 17
\BOOKMARK [1][-]{section.7}{\376\377\0007\000\040\000C\000o\000n\000c\000l\000u\000s\000i\000o\000n}{}% 18
\BOOKMARK [1][-]{section*.35}{\376\377\000A\000c\000k\000n\000o\000w\000l\000e\000d\000g\000m\000e\000n\000t\000s}{}% 19
\BOOKMARK [1][-]{section*.37}{\376\377\000R\000e\000f\000e\000r\000e\000n\000c\000e\000s}{}% 20
